<?xml version="1.0" encoding="UTF-8"?>
<testng-results skipped="0" failed="0" ignored="2" total="8" passed="6">
  <reporter-output>
  </reporter-output>
  <suite name="Suite" duration-ms="30081" started-at="2019-04-24T06:51:43Z" finished-at="2019-04-24T06:52:13Z">
    <groups>
    </groups>
    <test name="Verify that valid user able to login into Mercury tours application by using valid username and password" duration-ms="19725" started-at="2019-04-24T06:51:43Z" finished-at="2019-04-24T06:52:03Z">
      <class name="mt.mstr.utility.CloseBrowser">
        <test-method status="PASS" signature="closeBrowser()[pri:0, instance:mt.mstr.utility.CloseBrowser@29ee9faa]" name="closeBrowser" duration-ms="148" started-at="2019-04-24T06:52:03Z" finished-at="2019-04-24T06:52:03Z">
          <reporter-output>
          </reporter-output>
        </test-method> <!-- closeBrowser -->
      </class> <!-- mt.mstr.utility.CloseBrowser -->
      <class name="mt.mstr.modules.Launch">
        <test-method status="PASS" signature="ExecuteLaunch(java.lang.String, java.lang.String, int)[pri:0, instance:mt.mstr.modules.Launch@4678c730]" name="ExecuteLaunch" duration-ms="11010" started-at="2019-04-24T06:51:43Z" finished-at="2019-04-24T06:51:54Z">
          <params>
            <param index="0">
              <value>
                <![CDATA[chrome]]>
              </value>
            </param>
            <param index="1">
              <value>
                <![CDATA[http://newtours.demoaut.com/mercurywelcome.php]]>
              </value>
            </param>
            <param index="2">
              <value>
                <![CDATA[15]]>
              </value>
            </param>
          </params>
          <reporter-output>
          </reporter-output>
        </test-method> <!-- ExecuteLaunch -->
      </class> <!-- mt.mstr.modules.Launch -->
      <class name="mt.mstr.modules.Login">
        <test-method status="PASS" signature="ExecuteLoginwithvalidds(java.lang.String, java.lang.String)[pri:0, instance:mt.mstr.modules.Login@6767c1fc]" name="ExecuteLoginwithvalidds" duration-ms="8516" started-at="2019-04-24T06:51:54Z" finished-at="2019-04-24T06:52:03Z">
          <params>
            <param index="0">
              <value>
                <![CDATA[Suvidyap1]]>
              </value>
            </param>
            <param index="1">
              <value>
                <![CDATA[P@ssword1]]>
              </value>
            </param>
          </params>
          <reporter-output>
          </reporter-output>
        </test-method> <!-- ExecuteLoginwithvalidds -->
      </class> <!-- mt.mstr.modules.Login -->
    </test> <!-- Verify that valid user able to login into Mercury tours application by using valid username and password -->
    <test name="Verify that invalid user not able to login into Mercury tours application by using invalid username and password" duration-ms="10297" started-at="2019-04-24T06:52:03Z" finished-at="2019-04-24T06:52:13Z">
      <class name="mt.mstr.utility.CloseBrowser">
        <test-method status="PASS" signature="closeBrowser()[pri:0, instance:mt.mstr.utility.CloseBrowser@685cb137]" name="closeBrowser" duration-ms="99" started-at="2019-04-24T06:52:13Z" finished-at="2019-04-24T06:52:13Z">
          <reporter-output>
          </reporter-output>
        </test-method> <!-- closeBrowser -->
      </class> <!-- mt.mstr.utility.CloseBrowser -->
      <class name="mt.mstr.modules.Launch">
        <test-method status="PASS" signature="ExecuteLaunch(java.lang.String, java.lang.String, int)[pri:0, instance:mt.mstr.modules.Launch@604ed9f0]" name="ExecuteLaunch" duration-ms="7698" started-at="2019-04-24T06:52:03Z" finished-at="2019-04-24T06:52:11Z">
          <params>
            <param index="0">
              <value>
                <![CDATA[chrome]]>
              </value>
            </param>
            <param index="1">
              <value>
                <![CDATA[http://newtours.demoaut.com/mercurywelcome.php]]>
              </value>
            </param>
            <param index="2">
              <value>
                <![CDATA[15]]>
              </value>
            </param>
          </params>
          <reporter-output>
          </reporter-output>
        </test-method> <!-- ExecuteLaunch -->
      </class> <!-- mt.mstr.modules.Launch -->
      <class name="mt.mstr.modules.Login">
        <test-method status="PASS" signature="ExecuteLoginwithinvalidds(java.lang.String, java.lang.String)[pri:0, instance:mt.mstr.modules.Login@6a4f787b]" name="ExecuteLoginwithinvalidds" duration-ms="2492" started-at="2019-04-24T06:52:11Z" finished-at="2019-04-24T06:52:13Z">
          <params>
            <param index="0">
              <value>
                <![CDATA[Suvidyap]]>
              </value>
            </param>
            <param index="1">
              <value>
                <![CDATA[P@ssword]]>
              </value>
            </param>
          </params>
          <reporter-output>
          </reporter-output>
        </test-method> <!-- ExecuteLoginwithinvalidds -->
      </class> <!-- mt.mstr.modules.Login -->
    </test> <!-- Verify that invalid user not able to login into Mercury tours application by using invalid username and password -->
  </suite> <!-- Suite -->
</testng-results>
